[debug] [2026-05-17T13:41:44.092Z] ----------------------------------------------------------------------
[debug] [2026-05-17T13:41:44.093Z] Command:       /Users/adrianbartholomew/.nvm/versions/node/v24.3.0/bin/node /Users/adrianbartholomew/.nvm/versions/node/v24.3.0/bin/firebase deploy --only functions
[debug] [2026-05-17T13:41:44.093Z] CLI Version:   15.15.0
[debug] [2026-05-17T13:41:44.093Z] Platform:      darwin
[debug] [2026-05-17T13:41:44.093Z] Node Version:  v24.3.0
[debug] [2026-05-17T13:41:44.093Z] Time:          Sun May 17 2026 08:41:44 GMT-0500 (Central Daylight Time)
[debug] [2026-05-17T13:41:44.094Z] ----------------------------------------------------------------------
[debug] 
[debug] [2026-05-17T13:41:44.094Z] >>> [apiv2][query] GET https://firebase-public.firebaseio.com/cli.json [none]
[debug] [2026-05-17T13:41:44.830Z] > command requires scopes: ["email","openid","https://www.googleapis.com/auth/cloudplatformprojects.readonly","https://www.googleapis.com/auth/firebase","https://www.googleapis.com/auth/cloud-platform"]
[debug] [2026-05-17T13:41:44.830Z] > authorizing via signed-in user (flmacademysmtp@gmail.com)
[debug] [2026-05-17T13:41:44.830Z] [iam] checking project bartalk-75142 for permissions ["cloudfunctions.functions.create","cloudfunctions.functions.delete","cloudfunctions.functions.get","cloudfunctions.functions.list","cloudfunctions.functions.update","cloudfunctions.operations.get","firebase.projects.get"]
[debug] [2026-05-17T13:41:44.831Z] Checked if tokens are valid: false, expires at: 1778850164647
[debug] [2026-05-17T13:41:44.831Z] Checked if tokens are valid: false, expires at: 1778850164647
[debug] [2026-05-17T13:41:44.831Z] > refreshing access token with scopes: []
[debug] [2026-05-17T13:41:44.831Z] >>> [apiv2][query] POST https://www.googleapis.com/oauth2/v3/token [none]
[debug] [2026-05-17T13:41:44.832Z] >>> [apiv2][body] POST https://www.googleapis.com/oauth2/v3/token [omitted]
[debug] [2026-05-17T13:41:45.012Z] <<< [apiv2][status] POST https://www.googleapis.com/oauth2/v3/token 200
[debug] [2026-05-17T13:41:45.012Z] <<< [apiv2][body] POST https://www.googleapis.com/oauth2/v3/token [omitted]
[debug] [2026-05-17T13:41:45.026Z] >>> [apiv2][query] POST https://cloudresourcemanager.googleapis.com/v1/projects/bartalk-75142:testIamPermissions [none]
[debug] [2026-05-17T13:41:45.026Z] >>> [apiv2][(partial)header] POST https://cloudresourcemanager.googleapis.com/v1/projects/bartalk-75142:testIamPermissions  x-goog-user-project=bartalk-75142
[debug] [2026-05-17T13:41:45.026Z] >>> [apiv2][body] POST https://cloudresourcemanager.googleapis.com/v1/projects/bartalk-75142:testIamPermissions {"permissions":["cloudfunctions.functions.create","cloudfunctions.functions.delete","cloudfunctions.functions.get","cloudfunctions.functions.list","cloudfunctions.functions.update","cloudfunctions.operations.get","firebase.projects.get"]}
[debug] [2026-05-17T13:41:45.290Z] <<< [apiv2][status] POST https://cloudresourcemanager.googleapis.com/v1/projects/bartalk-75142:testIamPermissions 200
[debug] [2026-05-17T13:41:45.290Z] <<< [apiv2][body] POST https://cloudresourcemanager.googleapis.com/v1/projects/bartalk-75142:testIamPermissions {"permissions":["cloudfunctions.functions.create","cloudfunctions.functions.delete","cloudfunctions.functions.get","cloudfunctions.functions.list","cloudfunctions.functions.update","cloudfunctions.operations.get","firebase.projects.get"]}
[debug] [2026-05-17T13:41:45.290Z] Checked if tokens are valid: true, expires at: 1779028904012
[debug] [2026-05-17T13:41:45.290Z] Checked if tokens are valid: true, expires at: 1779028904012
[debug] [2026-05-17T13:41:45.290Z] >>> [apiv2][query] POST https://iam.googleapis.com/v1/projects/bartalk-75142/serviceAccounts/bartalk-75142@appspot.gserviceaccount.com:testIamPermissions [none]
[debug] [2026-05-17T13:41:45.290Z] >>> [apiv2][body] POST https://iam.googleapis.com/v1/projects/bartalk-75142/serviceAccounts/bartalk-75142@appspot.gserviceaccount.com:testIamPermissions {"permissions":["iam.serviceAccounts.actAs"]}
[debug] [2026-05-17T13:41:45.461Z] <<< [apiv2][status] GET https://firebase-public.firebaseio.com/cli.json 200
[debug] [2026-05-17T13:41:45.461Z] <<< [apiv2][body] GET https://firebase-public.firebaseio.com/cli.json {"cloudBuildErrorAfter":1594252800000,"cloudBuildWarnAfter":1590019200000,"defaultNode10After":1594252800000,"minVersion":"3.0.5","node8DeploysDisabledAfter":1613390400000,"node8RuntimeDisabledAfter":1615809600000,"node8WarnAfter":1600128000000}
[debug] [2026-05-17T13:41:45.589Z] <<< [apiv2][status] POST https://iam.googleapis.com/v1/projects/bartalk-75142/serviceAccounts/bartalk-75142@appspot.gserviceaccount.com:testIamPermissions 200
[debug] [2026-05-17T13:41:45.589Z] <<< [apiv2][body] POST https://iam.googleapis.com/v1/projects/bartalk-75142/serviceAccounts/bartalk-75142@appspot.gserviceaccount.com:testIamPermissions {"permissions":["iam.serviceAccounts.actAs"]}
[info] 
[info] === Deploying to 'bartalk-75142'...
[info] 
[info] i  deploying functions 
[info] Running command: npm --prefix "$RESOURCE_DIR" run lint
[info] Running command: npm --prefix "$RESOURCE_DIR" run build
[info] ✔  functions: Finished running predeploy script. 
[debug] [2026-05-17T13:41:50.714Z] Checked if tokens are valid: true, expires at: 1779028904012
[debug] [2026-05-17T13:41:50.714Z] Checked if tokens are valid: true, expires at: 1779028904012
[debug] [2026-05-17T13:41:50.714Z] >>> [apiv2][query] GET https://cloudresourcemanager.googleapis.com/v1/projects/bartalk-75142 [none]
[debug] [2026-05-17T13:41:50.925Z] <<< [apiv2][status] GET https://cloudresourcemanager.googleapis.com/v1/projects/bartalk-75142 200
[debug] [2026-05-17T13:41:50.925Z] <<< [apiv2][body] GET https://cloudresourcemanager.googleapis.com/v1/projects/bartalk-75142 {"projectNumber":"311577709263","projectId":"bartalk-75142","lifecycleState":"ACTIVE","name":"BarTalk","labels":{"firebase":"enabled","firebase-core":"disabled"},"createTime":"2026-01-14T15:34:07.931549Z"}
[info] i  functions: preparing codebase default for deployment 
[info] i  functions: ensuring required API cloudfunctions.googleapis.com is enabled... 
[info] i  functions: ensuring required API cloudbuild.googleapis.com is enabled... 
[info] i  artifactregistry: ensuring required API artifactregistry.googleapis.com is enabled... 
[debug] [2026-05-17T13:41:50.927Z] Checked if tokens are valid: true, expires at: 1779028904012
[debug] [2026-05-17T13:41:50.927Z] Checked if tokens are valid: true, expires at: 1779028904012
[debug] [2026-05-17T13:41:50.927Z] >>> [apiv2][query] GET https://firebase.googleapis.com/v1beta1/projects/bartalk-75142/adminSdkConfig [none]
[debug] [2026-05-17T13:41:51.266Z] <<< [apiv2][status] GET https://firebase.googleapis.com/v1beta1/projects/bartalk-75142/adminSdkConfig 200
[debug] [2026-05-17T13:41:51.266Z] <<< [apiv2][body] GET https://firebase.googleapis.com/v1beta1/projects/bartalk-75142/adminSdkConfig {"projectId":"bartalk-75142","databaseURL":"https://bartalk-75142-default-rtdb.firebaseio.com","storageBucket":"bartalk-75142.firebasestorage.app"}
[debug] [2026-05-17T13:41:51.269Z] Checked if tokens are valid: true, expires at: 1779028904012
[debug] [2026-05-17T13:41:51.269Z] Checked if tokens are valid: true, expires at: 1779028904012
[debug] [2026-05-17T13:41:51.269Z] >>> [apiv2][query] GET https://runtimeconfig.googleapis.com/v1beta1/projects/bartalk-75142/configs [none]
[debug] [2026-05-17T13:41:51.630Z] <<< [apiv2][status] GET https://runtimeconfig.googleapis.com/v1beta1/projects/bartalk-75142/configs 200
[debug] [2026-05-17T13:41:51.630Z] <<< [apiv2][body] GET https://runtimeconfig.googleapis.com/v1beta1/projects/bartalk-75142/configs {}
[debug] [2026-05-17T13:41:51.631Z] Validating nodejs source
[warn] ⚠  functions: package.json indicates an outdated version of firebase-functions. Please upgrade using npm install --save firebase-functions@latest in your functions directory. 
[warn] ⚠  functions: Please note that there will be breaking changes when you upgrade. 
[debug] [2026-05-17T13:41:52.336Z] > [functions] package.json contents: {
  "name": "functions",
  "scripts": {
    "lint": "ESLINT_USE_FLAT_CONFIG=false eslint .",
    "build": "tsc",
    "build:watch": "tsc --watch",
    "backfill:user-timestamps": "npm run build && node ./lib/scripts/backfill-user-timestamps.js",
    "serve": "npm run build && firebase emulators:start --only functions",
    "shell": "npm run build && firebase functions:shell",
    "start": "npm run shell",
    "deploy": "firebase deploy --only functions",
    "logs": "firebase functions:log"
  },
  "engines": {
    "node": "22"
  },
  "main": "lib/index.js",
  "dependencies": {
    "firebase-admin": "^12.6.0",
    "firebase-functions": "^6.0.1",
    "jose": "^6.2.2"
  },
  "devDependencies": {
    "@typescript-eslint/eslint-plugin": "^5.12.0",
    "@typescript-eslint/parser": "^5.12.0",
    "eslint": "^8.9.0",
    "eslint-config-google": "^0.14.0",
    "eslint-plugin-import": "^2.25.4",
    "firebase-functions-test": "^3.1.0",
    "typescript": "^5.7.3"
  },
  "private": true
}
[debug] [2026-05-17T13:41:52.336Z] Building nodejs source
[info] i  functions: Loading and analyzing source code for codebase default to determine what to deploy 
[debug] [2026-05-17T13:41:52.337Z] Could not find functions.yaml. Must use http discovery
[debug] [2026-05-17T13:41:52.342Z] Found firebase-functions binary at '/Users/adrianbartholomew/sites/BarTalk/functions/node_modules/.bin/firebase-functions'
[info] Serving at port 8207

[debug] [2026-05-17T13:41:52.615Z] Got response from /__/functions.yaml {"endpoints":{"sendPushNotification":{"platform":"gcfv1","availableMemoryMb":null,"timeoutSeconds":null,"minInstances":null,"maxInstances":10,"ingressSettings":null,"serviceAccountEmail":null,"vpc":null,"eventTrigger":{"eventType":"providers/cloud.firestore/eventTypes/document.create","eventFilters":{"resource":"projects/bartalk-75142/databases/(default)/documents/conversations/{conversationId}/messages/{messageId}"},"retry":false},"labels":{},"entryPoint":"sendPushNotification"}},"specVersion":"v1alpha1","requiredAPIs":[],"extensions":{}}
[info] i  extensions: ensuring required API firebaseextensions.googleapis.com is enabled... 
[debug] [2026-05-17T13:41:56.629Z] > command requires scopes: ["email","openid","https://www.googleapis.com/auth/cloudplatformprojects.readonly","https://www.googleapis.com/auth/firebase","https://www.googleapis.com/auth/cloud-platform"]
[debug] [2026-05-17T13:41:56.630Z] > authorizing via signed-in user (flmacademysmtp@gmail.com)
[debug] [2026-05-17T13:41:56.630Z] [iam] checking project bartalk-75142 for permissions ["firebase.projects.get","firebaseextensions.instances.list"]
[debug] [2026-05-17T13:41:56.630Z] Checked if tokens are valid: true, expires at: 1779028904012
[debug] [2026-05-17T13:41:56.630Z] Checked if tokens are valid: true, expires at: 1779028904012
[debug] [2026-05-17T13:41:56.630Z] >>> [apiv2][query] POST https://cloudresourcemanager.googleapis.com/v1/projects/bartalk-75142:testIamPermissions [none]
[debug] [2026-05-17T13:41:56.630Z] >>> [apiv2][(partial)header] POST https://cloudresourcemanager.googleapis.com/v1/projects/bartalk-75142:testIamPermissions  x-goog-user-project=bartalk-75142
[debug] [2026-05-17T13:41:56.630Z] >>> [apiv2][body] POST https://cloudresourcemanager.googleapis.com/v1/projects/bartalk-75142:testIamPermissions {"permissions":["firebase.projects.get","firebaseextensions.instances.list"]}
[debug] [2026-05-17T13:41:56.810Z] <<< [apiv2][status] POST https://cloudresourcemanager.googleapis.com/v1/projects/bartalk-75142:testIamPermissions 200
[debug] [2026-05-17T13:41:56.810Z] <<< [apiv2][body] POST https://cloudresourcemanager.googleapis.com/v1/projects/bartalk-75142:testIamPermissions {"permissions":["firebase.projects.get","firebaseextensions.instances.list"]}
[debug] [2026-05-17T13:41:56.811Z] Checked if tokens are valid: true, expires at: 1779028904012
[debug] [2026-05-17T13:41:56.811Z] Checked if tokens are valid: true, expires at: 1779028904012
[debug] [2026-05-17T13:41:56.811Z] >>> [apiv2][query] GET https://firebaseextensions.googleapis.com/v1beta/projects/bartalk-75142/instances pageSize=100&pageToken=
[debug] [2026-05-17T13:41:57.170Z] <<< [apiv2][status] GET https://firebaseextensions.googleapis.com/v1beta/projects/bartalk-75142/instances 200
[debug] [2026-05-17T13:41:57.170Z] <<< [apiv2][body] GET https://firebaseextensions.googleapis.com/v1beta/projects/bartalk-75142/instances {}
[info] i  functions: preparing functions directory for uploading... 
[info] i  functions: packaged /Users/adrianbartholomew/sites/BarTalk/functions (77.81 KB) for uploading 
[debug] [2026-05-17T13:41:57.198Z] Checked if tokens are valid: true, expires at: 1779028904012
[debug] [2026-05-17T13:41:57.198Z] Checked if tokens are valid: true, expires at: 1779028904012
[debug] [2026-05-17T13:41:57.198Z] >>> [apiv2][query] GET https://cloudfunctions.googleapis.com/v1/projects/bartalk-75142/locations/-/functions [none]
[debug] [2026-05-17T13:41:57.842Z] <<< [apiv2][status] GET https://cloudfunctions.googleapis.com/v1/projects/bartalk-75142/locations/-/functions 200
[debug] [2026-05-17T13:41:57.843Z] <<< [apiv2][body] GET https://cloudfunctions.googleapis.com/v1/projects/bartalk-75142/locations/-/functions {"functions":[{"name":"projects/bartalk-75142/locations/us-central1/functions/sendPushNotification","eventTrigger":{"eventType":"providers/cloud.firestore/eventTypes/document.create","resource":"projects/bartalk-75142/databases/(default)/documents/conversations/{conversationId}/messages/{messageId}","service":"firestore.googleapis.com","failurePolicy":{}},"status":"ACTIVE","entryPoint":"sendPushNotification","timeout":"60s","availableMemoryMb":256,"serviceAccountEmail":"bartalk-75142@appspot.gserviceaccount.com","updateTime":"2026-05-15T12:12:24.465Z","versionId":"3","labels":{"firebase-functions-hash":"636b4cecb13572b9f3aa966217a10d58875b8ba2","deployment-tool":"cli-firebase"},"sourceUploadUrl":"https://storage.googleapis.com/uploads-814583576153.us-central1.cloudfunctions.appspot.com/59d8aca0-bde0-4540-b17c-12e75efe98da.zip","environmentVariables":{"FIREBASE_CONFIG":"{\"projectId\":\"bartalk-75142\",\"databaseURL\":\"https://bartalk-75142-default-rtdb.firebaseio.com\",\"storageBucket\":\"bartalk-75142.firebasestorage.app\"}","GCLOUD_PROJECT":"bartalk-75142","EVENTARC_CLOUD_EVENT_SOURCE":"projects/bartalk-75142/locations/us-central1/functions/sendPushNotification"},"runtime":"nodejs22","maxInstances":10,"ingressSettings":"ALLOW_ALL","buildId":"da31715a-c96b-46df-b1f4-0e17eca39d4e","buildEnvironmentVariables":{"GOOGLE_NODE_RUN_SCRIPTS":""},"buildName":"projects/311577709263/locations/us-central1/builds/da31715a-c96b-46df-b1f4-0e17eca39d4e","dockerRegistry":"ARTIFACT_REGISTRY","automaticUpdatePolicy":{},"buildServiceAccount":"projects/bartalk-75142/serviceAccounts/311577709263-compute@developer.gserviceaccount.com","satisfiesPzi":true}]}
[debug] [2026-05-17T13:41:57.845Z] Checked if tokens are valid: true, expires at: 1779028904012
[debug] [2026-05-17T13:41:57.845Z] Checked if tokens are valid: true, expires at: 1779028904012
[debug] [2026-05-17T13:41:57.846Z] >>> [apiv2][query] GET https://cloudfunctions.googleapis.com/v2/projects/bartalk-75142/locations/-/functions filter=environment%3D%22GEN_2%22
[debug] [2026-05-17T13:41:58.224Z] <<< [apiv2][status] GET https://cloudfunctions.googleapis.com/v2/projects/bartalk-75142/locations/-/functions 200
[debug] [2026-05-17T13:41:58.224Z] <<< [apiv2][body] GET https://cloudfunctions.googleapis.com/v2/projects/bartalk-75142/locations/-/functions {}
[debug] [2026-05-17T13:41:58.228Z] Checked if tokens are valid: true, expires at: 1779028904012
[debug] [2026-05-17T13:41:58.228Z] Checked if tokens are valid: true, expires at: 1779028904012
[debug] [2026-05-17T13:41:58.228Z] >>> [apiv2][query] GET https://cloudresourcemanager.googleapis.com/v1/projects/bartalk-75142 [none]
[debug] [2026-05-17T13:41:58.329Z] <<< [apiv2][status] GET https://cloudresourcemanager.googleapis.com/v1/projects/bartalk-75142 200
[debug] [2026-05-17T13:41:58.329Z] <<< [apiv2][body] GET https://cloudresourcemanager.googleapis.com/v1/projects/bartalk-75142 {"projectNumber":"311577709263","projectId":"bartalk-75142","lifecycleState":"ACTIVE","name":"BarTalk","labels":{"firebase":"enabled","firebase-core":"disabled"},"createTime":"2026-01-14T15:34:07.931549Z"}
[debug] [2026-05-17T13:41:58.331Z] Checked if tokens are valid: true, expires at: 1779028904012
[debug] [2026-05-17T13:41:58.331Z] Checked if tokens are valid: true, expires at: 1779028904012
[debug] [2026-05-17T13:41:58.331Z] >>> [apiv2][query] GET https://cloudbilling.googleapis.com/v1/projects/bartalk-75142/billingInfo [none]
[debug] [2026-05-17T13:41:58.569Z] <<< [apiv2][status] GET https://cloudbilling.googleapis.com/v1/projects/bartalk-75142/billingInfo 200
[debug] [2026-05-17T13:41:58.569Z] <<< [apiv2][body] GET https://cloudbilling.googleapis.com/v1/projects/bartalk-75142/billingInfo {"name":"projects/bartalk-75142/billingInfo","projectId":"bartalk-75142","billingAccountName":"billingAccounts/014842-2B3631-1817BD","billingEnabled":true}
[debug] [2026-05-17T13:41:58.570Z] Checked if tokens are valid: true, expires at: 1779028904012
[debug] [2026-05-17T13:41:58.570Z] Checked if tokens are valid: true, expires at: 1779028904012
[debug] [2026-05-17T13:41:58.570Z] >>> [apiv2][query] POST https://cloudfunctions.googleapis.com/v1/projects/bartalk-75142/locations/us-central1/functions:generateUploadUrl [none]
[debug] [2026-05-17T13:41:58.570Z] >>> [apiv2][body] POST https://cloudfunctions.googleapis.com/v1/projects/bartalk-75142/locations/us-central1/functions:generateUploadUrl {}
[debug] [2026-05-17T13:41:59.170Z] <<< [apiv2][status] POST https://cloudfunctions.googleapis.com/v1/projects/bartalk-75142/locations/us-central1/functions:generateUploadUrl 200
[debug] [2026-05-17T13:41:59.171Z] <<< [apiv2][body] POST https://cloudfunctions.googleapis.com/v1/projects/bartalk-75142/locations/us-central1/functions:generateUploadUrl {"uploadUrl":"https://storage.googleapis.com/uploads-814583576153.us-central1.cloudfunctions.appspot.com/d94f235b-7b12-4456-9191-fcd2d080e238.zip?GoogleAccessId=service-311577709263@gcf-admin-robot.iam.gserviceaccount.com&Expires=1779027119&Signature=jRKsHhOconmlisvsPITEolpn9TWpWJFRjObzmS8u4iMO%2B2ndeTC%2BsR0eYpNRHTPT9fMk7mlIPV%2BFCJMVdEmmZqQ4jfsrXwxVxIVyTXqmftlrHlUFIBmkQXsgmtv2umy0IKK0flE2ueChWz4ab3l43eDMHAypVlflV3SlSlynOFbO8WVQfAdCwxIsTnntev0Hq2q5uwctS90SXoa1J%2BUhF2QhqorZWFKawiTJLeE%2Fe5D5fXGZyUK0Q8L3dDAI7HdLf0jXeasnuXoLE20LfmhBRpzex38A9%2FTz3VWgJhf8UDt9A450d9eUwgW4mM%2F20wJFbokGwbffdpKoi4jdCc85fA%3D%3D"}
[debug] [2026-05-17T13:41:59.172Z] >>> [apiv2][query] PUT https://storage.googleapis.com/uploads-814583576153.us-central1.cloudfunctions.appspot.com/d94f235b-7b12-4456-9191-fcd2d080e238.zip GoogleAccessId=service-311577709263%40gcf-admin-robot.iam.gserviceaccount.com&Expires=1779027119&Signature=jRKsHhOconmlisvsPITEolpn9TWpWJFRjObzmS8u4iMO%2B2ndeTC%2BsR0eYpNRHTPT9fMk7mlIPV%2BFCJMVdEmmZqQ4jfsrXwxVxIVyTXqmftlrHlUFIBmkQXsgmtv2umy0IKK0flE2ueChWz4ab3l43eDMHAypVlflV3SlSlynOFbO8WVQfAdCwxIsTnntev0Hq2q5uwctS90SXoa1J%2BUhF2QhqorZWFKawiTJLeE%2Fe5D5fXGZyUK0Q8L3dDAI7HdLf0jXeasnuXoLE20LfmhBRpzex38A9%2FTz3VWgJhf8UDt9A450d9eUwgW4mM%2F20wJFbokGwbffdpKoi4jdCc85fA%3D%3D
[debug] [2026-05-17T13:41:59.172Z] >>> [apiv2][body] PUT https://storage.googleapis.com/uploads-814583576153.us-central1.cloudfunctions.appspot.com/d94f235b-7b12-4456-9191-fcd2d080e238.zip [stream]
[debug] [2026-05-17T13:41:59.520Z] <<< [apiv2][status] PUT https://storage.googleapis.com/uploads-814583576153.us-central1.cloudfunctions.appspot.com/d94f235b-7b12-4456-9191-fcd2d080e238.zip 200
[debug] [2026-05-17T13:41:59.521Z] <<< [apiv2][body] PUT https://storage.googleapis.com/uploads-814583576153.us-central1.cloudfunctions.appspot.com/d94f235b-7b12-4456-9191-fcd2d080e238.zip [omitted]
[info] ✔  functions: functions source uploaded successfully 
[info] i  functions: updating Node.js 22 (1st Gen) function sendPushNotification(us-central1)... 
[debug] [2026-05-17T13:41:59.525Z] Checked if tokens are valid: true, expires at: 1779028904012
[debug] [2026-05-17T13:41:59.525Z] Checked if tokens are valid: true, expires at: 1779028904012
[debug] [2026-05-17T13:41:59.525Z] >>> [apiv2][query] PATCH https://cloudfunctions.googleapis.com/v1/projects/bartalk-75142/locations/us-central1/functions/sendPushNotification updateMask=name%2CsourceUploadUrl%2CentryPoint%2Cruntime%2CdockerRegistry%2Clabels%2CeventTrigger.eventType%2CeventTrigger.resource%2CeventTrigger.failurePolicy%2CminInstances%2CmaxInstances%2CingressSettings%2CenvironmentVariables%2CserviceAccountEmail%2CavailableMemoryMb%2Ctimeout%2CvpcConnector%2CvpcConnectorEgressSettings%2CsourceToken%2CbuildEnvironmentVariables
[debug] [2026-05-17T13:41:59.525Z] >>> [apiv2][body] PATCH https://cloudfunctions.googleapis.com/v1/projects/bartalk-75142/locations/us-central1/functions/sendPushNotification {"name":"projects/bartalk-75142/locations/us-central1/functions/sendPushNotification","sourceUploadUrl":"https://storage.googleapis.com/uploads-814583576153.us-central1.cloudfunctions.appspot.com/d94f235b-7b12-4456-9191-fcd2d080e238.zip?GoogleAccessId=service-311577709263@gcf-admin-robot.iam.gserviceaccount.com&Expires=1779027119&Signature=jRKsHhOconmlisvsPITEolpn9TWpWJFRjObzmS8u4iMO%2B2ndeTC%2BsR0eYpNRHTPT9fMk7mlIPV%2BFCJMVdEmmZqQ4jfsrXwxVxIVyTXqmftlrHlUFIBmkQXsgmtv2umy0IKK0flE2ueChWz4ab3l43eDMHAypVlflV3SlSlynOFbO8WVQfAdCwxIsTnntev0Hq2q5uwctS90SXoa1J%2BUhF2QhqorZWFKawiTJLeE%2Fe5D5fXGZyUK0Q8L3dDAI7HdLf0jXeasnuXoLE20LfmhBRpzex38A9%2FTz3VWgJhf8UDt9A450d9eUwgW4mM%2F20wJFbokGwbffdpKoi4jdCc85fA%3D%3D","entryPoint":"sendPushNotification","runtime":"nodejs22","dockerRegistry":"ARTIFACT_REGISTRY","labels":{"deployment-tool":"cli-firebase","firebase-functions-hash":"67af25b94333e9a892ba712e37a6a034238852e7"},"eventTrigger":{"eventType":"providers/cloud.firestore/eventTypes/document.create","resource":"projects/bartalk-75142/databases/(default)/documents/conversations/{conversationId}/messages/{messageId}"},"minInstances":null,"maxInstances":10,"ingressSettings":null,"environmentVariables":{"FIREBASE_CONFIG":"{\"projectId\":\"bartalk-75142\",\"databaseURL\":\"https://bartalk-75142-default-rtdb.firebaseio.com\",\"storageBucket\":\"bartalk-75142.firebasestorage.app\"}","GCLOUD_PROJECT":"bartalk-75142","EVENTARC_CLOUD_EVENT_SOURCE":"projects/bartalk-75142/locations/us-central1/functions/sendPushNotification"},"serviceAccountEmail":null,"availableMemoryMb":null,"timeout":null,"vpcConnector":null,"vpcConnectorEgressSettings":null,"buildEnvironmentVariables":{"GOOGLE_NODE_RUN_SCRIPTS":""}}
[debug] [2026-05-17T13:42:00.011Z] <<< [apiv2][status] PATCH https://cloudfunctions.googleapis.com/v1/projects/bartalk-75142/locations/us-central1/functions/sendPushNotification 200
[debug] [2026-05-17T13:42:00.011Z] <<< [apiv2][body] PATCH https://cloudfunctions.googleapis.com/v1/projects/bartalk-75142/locations/us-central1/functions/sendPushNotification {"name":"operations/YmFydGFsay03NTE0Mi91cy1jZW50cmFsMS9zZW5kUHVzaE5vdGlmaWNhdGlvbi9qSm5Da3UwU2V5RQ","metadata":{"@type":"type.googleapis.com/google.cloud.functions.v1.OperationMetadataV1","target":"projects/bartalk-75142/locations/us-central1/functions/sendPushNotification","type":"UPDATE_FUNCTION","request":{"@type":"type.googleapis.com/google.cloud.functions.v1.CloudFunction","name":"projects/bartalk-75142/locations/us-central1/functions/sendPushNotification","eventTrigger":{"eventType":"providers/cloud.firestore/eventTypes/document.create","resource":"projects/bartalk-75142/databases/(default)/documents/conversations/{conversationId}/messages/{messageId}","service":"firestore.googleapis.com"},"status":"ACTIVE","entryPoint":"sendPushNotification","updateTime":"2026-05-15T12:12:24.465Z","versionId":"3","labels":{"deployment-tool":"cli-firebase","firebase-functions-hash":"67af25b94333e9a892ba712e37a6a034238852e7"},"sourceUploadUrl":"https://storage.googleapis.com/uploads-814583576153.us-central1.cloudfunctions.appspot.com/d94f235b-7b12-4456-9191-fcd2d080e238.zip?GoogleAccessId=service-311577709263@gcf-admin-robot.iam.gserviceaccount.com&Expires=1779027119&Signature=jRKsHhOconmlisvsPITEolpn9TWpWJFRjObzmS8u4iMO%2B2ndeTC%2BsR0eYpNRHTPT9fMk7mlIPV%2BFCJMVdEmmZqQ4jfsrXwxVxIVyTXqmftlrHlUFIBmkQXsgmtv2umy0IKK0flE2ueChWz4ab3l43eDMHAypVlflV3SlSlynOFbO8WVQfAdCwxIsTnntev0Hq2q5uwctS90SXoa1J%2BUhF2QhqorZWFKawiTJLeE%2Fe5D5fXGZyUK0Q8L3dDAI7HdLf0jXeasnuXoLE20LfmhBRpzex38A9%2FTz3VWgJhf8UDt9A450d9eUwgW4mM%2F20wJFbokGwbffdpKoi4jdCc85fA%3D%3D","environmentVariables":{"FIREBASE_CONFIG":"{\"projectId\":\"bartalk-75142\",\"databaseURL\":\"https://bartalk-75142-default-rtdb.firebaseio.com\",\"storageBucket\":\"bartalk-75142.firebasestorage.app\"}","GCLOUD_PROJECT":"bartalk-75142","EVENTARC_CLOUD_EVENT_SOURCE":"projects/bartalk-75142/locations/us-central1/functions/sendPushNotification"},"runtime":"nodejs22","maxInstances":10,"buildId":"da31715a-c96b-46df-b1f4-0e17eca39d4e","buildEnvironmentVariables":{"GOOGLE_NODE_RUN_SCRIPTS":""},"buildName":"projects/311577709263/locations/us-central1/builds/da31715a-c96b-46df-b1f4-0e17eca39d4e","dockerRegistry":"ARTIFACT_REGISTRY","automaticUpdatePolicy":{},"buildServiceAccount":"projects/bartalk-75142/serviceAccounts/311577709263-compute@developer.gserviceaccount.com"},"versionId":"4","updateTime":"2026-05-17T13:42:00Z"}}
[debug] [2026-05-17T13:42:00.012Z] Checked if tokens are valid: true, expires at: 1779028904012
[debug] [2026-05-17T13:42:00.012Z] Checked if tokens are valid: true, expires at: 1779028904012
[debug] [2026-05-17T13:42:00.012Z] >>> [apiv2][query] GET https://cloudfunctions.googleapis.com/v1/operations/YmFydGFsay03NTE0Mi91cy1jZW50cmFsMS9zZW5kUHVzaE5vdGlmaWNhdGlvbi9qSm5Da3UwU2V5RQ [none]
[debug] [2026-05-17T13:42:00.193Z] <<< [apiv2][status] GET https://cloudfunctions.googleapis.com/v1/operations/YmFydGFsay03NTE0Mi91cy1jZW50cmFsMS9zZW5kUHVzaE5vdGlmaWNhdGlvbi9qSm5Da3UwU2V5RQ 200
[debug] [2026-05-17T13:42:00.193Z] <<< [apiv2][body] GET https://cloudfunctions.googleapis.com/v1/operations/YmFydGFsay03NTE0Mi91cy1jZW50cmFsMS9zZW5kUHVzaE5vdGlmaWNhdGlvbi9qSm5Da3UwU2V5RQ {"name":"operations/YmFydGFsay03NTE0Mi91cy1jZW50cmFsMS9zZW5kUHVzaE5vdGlmaWNhdGlvbi9qSm5Da3UwU2V5RQ","metadata":{"@type":"type.googleapis.com/google.cloud.functions.v1.OperationMetadataV1","target":"projects/bartalk-75142/locations/us-central1/functions/sendPushNotification","type":"UPDATE_FUNCTION","request":{"@type":"type.googleapis.com/google.cloud.functions.v1.CloudFunction","name":"projects/bartalk-75142/locations/us-central1/functions/sendPushNotification","eventTrigger":{"eventType":"providers/cloud.firestore/eventTypes/document.create","resource":"projects/bartalk-75142/databases/(default)/documents/conversations/{conversationId}/messages/{messageId}","service":"firestore.googleapis.com"},"status":"ACTIVE","entryPoint":"sendPushNotification","updateTime":"2026-05-15T12:12:24.465Z","versionId":"3","labels":{"deployment-tool":"cli-firebase","firebase-functions-hash":"67af25b94333e9a892ba712e37a6a034238852e7"},"sourceUploadUrl":"https://storage.googleapis.com/uploads-814583576153.us-central1.cloudfunctions.appspot.com/d94f235b-7b12-4456-9191-fcd2d080e238.zip?GoogleAccessId=service-311577709263@gcf-admin-robot.iam.gserviceaccount.com&Expires=1779027119&Signature=jRKsHhOconmlisvsPITEolpn9TWpWJFRjObzmS8u4iMO%2B2ndeTC%2BsR0eYpNRHTPT9fMk7mlIPV%2BFCJMVdEmmZqQ4jfsrXwxVxIVyTXqmftlrHlUFIBmkQXsgmtv2umy0IKK0flE2ueChWz4ab3l43eDMHAypVlflV3SlSlynOFbO8WVQfAdCwxIsTnntev0Hq2q5uwctS90SXoa1J%2BUhF2QhqorZWFKawiTJLeE%2Fe5D5fXGZyUK0Q8L3dDAI7HdLf0jXeasnuXoLE20LfmhBRpzex38A9%2FTz3VWgJhf8UDt9A450d9eUwgW4mM%2F20wJFbokGwbffdpKoi4jdCc85fA%3D%3D","environmentVariables":{"FIREBASE_CONFIG":"{\"projectId\":\"bartalk-75142\",\"databaseURL\":\"https://bartalk-75142-default-rtdb.firebaseio.com\",\"storageBucket\":\"bartalk-75142.firebasestorage.app\"}","GCLOUD_PROJECT":"bartalk-75142","EVENTARC_CLOUD_EVENT_SOURCE":"projects/bartalk-75142/locations/us-central1/functions/sendPushNotification"},"runtime":"nodejs22","maxInstances":10,"buildId":"da31715a-c96b-46df-b1f4-0e17eca39d4e","buildEnvironmentVariables":{"GOOGLE_NODE_RUN_SCRIPTS":""},"buildName":"projects/311577709263/locations/us-central1/builds/da31715a-c96b-46df-b1f4-0e17eca39d4e","dockerRegistry":"ARTIFACT_REGISTRY","automaticUpdatePolicy":{},"buildServiceAccount":"projects/bartalk-75142/serviceAccounts/311577709263-compute@developer.gserviceaccount.com"},"versionId":"4","updateTime":"2026-05-17T13:42:00Z"}}
[debug] [2026-05-17T13:42:00.695Z] [update-default-us-central1-sendPushNotification] Retrying task index 0
[debug] [2026-05-17T13:42:00.695Z] Checked if tokens are valid: true, expires at: 1779028904012
[debug] [2026-05-17T13:42:00.695Z] Checked if tokens are valid: true, expires at: 1779028904012
[debug] [2026-05-17T13:42:00.695Z] >>> [apiv2][query] GET https://cloudfunctions.googleapis.com/v1/operations/YmFydGFsay03NTE0Mi91cy1jZW50cmFsMS9zZW5kUHVzaE5vdGlmaWNhdGlvbi9qSm5Da3UwU2V5RQ [none]
[debug] [2026-05-17T13:42:00.881Z] <<< [apiv2][status] GET https://cloudfunctions.googleapis.com/v1/operations/YmFydGFsay03NTE0Mi91cy1jZW50cmFsMS9zZW5kUHVzaE5vdGlmaWNhdGlvbi9qSm5Da3UwU2V5RQ 200
[debug] [2026-05-17T13:42:00.882Z] <<< [apiv2][body] GET https://cloudfunctions.googleapis.com/v1/operations/YmFydGFsay03NTE0Mi91cy1jZW50cmFsMS9zZW5kUHVzaE5vdGlmaWNhdGlvbi9qSm5Da3UwU2V5RQ {"name":"operations/YmFydGFsay03NTE0Mi91cy1jZW50cmFsMS9zZW5kUHVzaE5vdGlmaWNhdGlvbi9qSm5Da3UwU2V5RQ","metadata":{"@type":"type.googleapis.com/google.cloud.functions.v1.OperationMetadataV1","target":"projects/bartalk-75142/locations/us-central1/functions/sendPushNotification","type":"UPDATE_FUNCTION","request":{"@type":"type.googleapis.com/google.cloud.functions.v1.CloudFunction","name":"projects/bartalk-75142/locations/us-central1/functions/sendPushNotification","eventTrigger":{"eventType":"providers/cloud.firestore/eventTypes/document.create","resource":"projects/bartalk-75142/databases/(default)/documents/conversations/{conversationId}/messages/{messageId}","service":"firestore.googleapis.com"},"status":"ACTIVE","entryPoint":"sendPushNotification","updateTime":"2026-05-15T12:12:24.465Z","versionId":"3","labels":{"deployment-tool":"cli-firebase","firebase-functions-hash":"67af25b94333e9a892ba712e37a6a034238852e7"},"sourceUploadUrl":"https://storage.googleapis.com/uploads-814583576153.us-central1.cloudfunctions.appspot.com/d94f235b-7b12-4456-9191-fcd2d080e238.zip?GoogleAccessId=service-311577709263@gcf-admin-robot.iam.gserviceaccount.com&Expires=1779027119&Signature=jRKsHhOconmlisvsPITEolpn9TWpWJFRjObzmS8u4iMO%2B2ndeTC%2BsR0eYpNRHTPT9fMk7mlIPV%2BFCJMVdEmmZqQ4jfsrXwxVxIVyTXqmftlrHlUFIBmkQXsgmtv2umy0IKK0flE2ueChWz4ab3l43eDMHAypVlflV3SlSlynOFbO8WVQfAdCwxIsTnntev0Hq2q5uwctS90SXoa1J%2BUhF2QhqorZWFKawiTJLeE%2Fe5D5fXGZyUK0Q8L3dDAI7HdLf0jXeasnuXoLE20LfmhBRpzex38A9%2FTz3VWgJhf8UDt9A450d9eUwgW4mM%2F20wJFbokGwbffdpKoi4jdCc85fA%3D%3D","environmentVariables":{"FIREBASE_CONFIG":"{\"projectId\":\"bartalk-75142\",\"databaseURL\":\"https://bartalk-75142-default-rtdb.firebaseio.com\",\"storageBucket\":\"bartalk-75142.firebasestorage.app\"}","GCLOUD_PROJECT":"bartalk-75142","EVENTARC_CLOUD_EVENT_SOURCE":"projects/bartalk-75142/locations/us-central1/functions/sendPushNotification"},"runtime":"nodejs22","maxInstances":10,"buildId":"da31715a-c96b-46df-b1f4-0e17eca39d4e","buildEnvironmentVariables":{"GOOGLE_NODE_RUN_SCRIPTS":""},"buildName":"projects/311577709263/locations/us-central1/builds/da31715a-c96b-46df-b1f4-0e17eca39d4e","dockerRegistry":"ARTIFACT_REGISTRY","automaticUpdatePolicy":{},"buildServiceAccount":"projects/bartalk-75142/serviceAccounts/311577709263-compute@developer.gserviceaccount.com"},"versionId":"4","updateTime":"2026-05-17T13:42:00Z"}}
[debug] [2026-05-17T13:42:01.883Z] [update-default-us-central1-sendPushNotification] Retrying task index 0
[debug] [2026-05-17T13:42:01.884Z] Checked if tokens are valid: true, expires at: 1779028904012
[debug] [2026-05-17T13:42:01.884Z] Checked if tokens are valid: true, expires at: 1779028904012
[debug] [2026-05-17T13:42:01.884Z] >>> [apiv2][query] GET https://cloudfunctions.googleapis.com/v1/operations/YmFydGFsay03NTE0Mi91cy1jZW50cmFsMS9zZW5kUHVzaE5vdGlmaWNhdGlvbi9qSm5Da3UwU2V5RQ [none]
[debug] [2026-05-17T13:42:02.071Z] <<< [apiv2][status] GET https://cloudfunctions.googleapis.com/v1/operations/YmFydGFsay03NTE0Mi91cy1jZW50cmFsMS9zZW5kUHVzaE5vdGlmaWNhdGlvbi9qSm5Da3UwU2V5RQ 200
[debug] [2026-05-17T13:42:02.072Z] <<< [apiv2][body] GET https://cloudfunctions.googleapis.com/v1/operations/YmFydGFsay03NTE0Mi91cy1jZW50cmFsMS9zZW5kUHVzaE5vdGlmaWNhdGlvbi9qSm5Da3UwU2V5RQ {"name":"operations/YmFydGFsay03NTE0Mi91cy1jZW50cmFsMS9zZW5kUHVzaE5vdGlmaWNhdGlvbi9qSm5Da3UwU2V5RQ","metadata":{"@type":"type.googleapis.com/google.cloud.functions.v1.OperationMetadataV1","target":"projects/bartalk-75142/locations/us-central1/functions/sendPushNotification","type":"UPDATE_FUNCTION","request":{"@type":"type.googleapis.com/google.cloud.functions.v1.CloudFunction","name":"projects/bartalk-75142/locations/us-central1/functions/sendPushNotification","eventTrigger":{"eventType":"providers/cloud.firestore/eventTypes/document.create","resource":"projects/bartalk-75142/databases/(default)/documents/conversations/{conversationId}/messages/{messageId}","service":"firestore.googleapis.com"},"status":"ACTIVE","entryPoint":"sendPushNotification","updateTime":"2026-05-15T12:12:24.465Z","versionId":"3","labels":{"deployment-tool":"cli-firebase","firebase-functions-hash":"67af25b94333e9a892ba712e37a6a034238852e7"},"sourceUploadUrl":"https://storage.googleapis.com/uploads-814583576153.us-central1.cloudfunctions.appspot.com/d94f235b-7b12-4456-9191-fcd2d080e238.zip?GoogleAccessId=service-311577709263@gcf-admin-robot.iam.gserviceaccount.com&Expires=1779027119&Signature=jRKsHhOconmlisvsPITEolpn9TWpWJFRjObzmS8u4iMO%2B2ndeTC%2BsR0eYpNRHTPT9fMk7mlIPV%2BFCJMVdEmmZqQ4jfsrXwxVxIVyTXqmftlrHlUFIBmkQXsgmtv2umy0IKK0flE2ueChWz4ab3l43eDMHAypVlflV3SlSlynOFbO8WVQfAdCwxIsTnntev0Hq2q5uwctS90SXoa1J%2BUhF2QhqorZWFKawiTJLeE%2Fe5D5fXGZyUK0Q8L3dDAI7HdLf0jXeasnuXoLE20LfmhBRpzex38A9%2FTz3VWgJhf8UDt9A450d9eUwgW4mM%2F20wJFbokGwbffdpKoi4jdCc85fA%3D%3D","environmentVariables":{"FIREBASE_CONFIG":"{\"projectId\":\"bartalk-75142\",\"databaseURL\":\"https://bartalk-75142-default-rtdb.firebaseio.com\",\"storageBucket\":\"bartalk-75142.firebasestorage.app\"}","GCLOUD_PROJECT":"bartalk-75142","EVENTARC_CLOUD_EVENT_SOURCE":"projects/bartalk-75142/locations/us-central1/functions/sendPushNotification"},"runtime":"nodejs22","maxInstances":10,"buildId":"da31715a-c96b-46df-b1f4-0e17eca39d4e","buildEnvironmentVariables":{"GOOGLE_NODE_RUN_SCRIPTS":""},"buildName":"projects/311577709263/locations/us-central1/builds/da31715a-c96b-46df-b1f4-0e17eca39d4e","dockerRegistry":"ARTIFACT_REGISTRY","automaticUpdatePolicy":{},"buildServiceAccount":"projects/bartalk-75142/serviceAccounts/311577709263-compute@developer.gserviceaccount.com"},"versionId":"4","updateTime":"2026-05-17T13:42:00Z","buildId":"6a0521e1-6e0e-491b-9194-564422c66879","buildName":"projects/311577709263/locations/us-central1/builds/6a0521e1-6e0e-491b-9194-564422c66879"}}
[debug] [2026-05-17T13:42:04.072Z] [update-default-us-central1-sendPushNotification] Retrying task index 0
[debug] [2026-05-17T13:42:04.073Z] Checked if tokens are valid: true, expires at: 1779028904012
[debug] [2026-05-17T13:42:04.073Z] Checked if tokens are valid: true, expires at: 1779028904012
[debug] [2026-05-17T13:42:04.073Z] >>> [apiv2][query] GET https://cloudfunctions.googleapis.com/v1/operations/YmFydGFsay03NTE0Mi91cy1jZW50cmFsMS9zZW5kUHVzaE5vdGlmaWNhdGlvbi9qSm5Da3UwU2V5RQ [none]
[debug] [2026-05-17T13:42:04.175Z] <<< [apiv2][status] GET https://cloudfunctions.googleapis.com/v1/operations/YmFydGFsay03NTE0Mi91cy1jZW50cmFsMS9zZW5kUHVzaE5vdGlmaWNhdGlvbi9qSm5Da3UwU2V5RQ 200
[debug] [2026-05-17T13:42:04.176Z] <<< [apiv2][body] GET https://cloudfunctions.googleapis.com/v1/operations/YmFydGFsay03NTE0Mi91cy1jZW50cmFsMS9zZW5kUHVzaE5vdGlmaWNhdGlvbi9qSm5Da3UwU2V5RQ {"name":"operations/YmFydGFsay03NTE0Mi91cy1jZW50cmFsMS9zZW5kUHVzaE5vdGlmaWNhdGlvbi9qSm5Da3UwU2V5RQ","metadata":{"@type":"type.googleapis.com/google.cloud.functions.v1.OperationMetadataV1","target":"projects/bartalk-75142/locations/us-central1/functions/sendPushNotification","type":"UPDATE_FUNCTION","request":{"@type":"type.googleapis.com/google.cloud.functions.v1.CloudFunction","name":"projects/bartalk-75142/locations/us-central1/functions/sendPushNotification","eventTrigger":{"eventType":"providers/cloud.firestore/eventTypes/document.create","resource":"projects/bartalk-75142/databases/(default)/documents/conversations/{conversationId}/messages/{messageId}","service":"firestore.googleapis.com"},"status":"ACTIVE","entryPoint":"sendPushNotification","updateTime":"2026-05-15T12:12:24.465Z","versionId":"3","labels":{"deployment-tool":"cli-firebase","firebase-functions-hash":"67af25b94333e9a892ba712e37a6a034238852e7"},"sourceUploadUrl":"https://storage.googleapis.com/uploads-814583576153.us-central1.cloudfunctions.appspot.com/d94f235b-7b12-4456-9191-fcd2d080e238.zip?GoogleAccessId=service-311577709263@gcf-admin-robot.iam.gserviceaccount.com&Expires=1779027119&Signature=jRKsHhOconmlisvsPITEolpn9TWpWJFRjObzmS8u4iMO%2B2ndeTC%2BsR0eYpNRHTPT9fMk7mlIPV%2BFCJMVdEmmZqQ4jfsrXwxVxIVyTXqmftlrHlUFIBmkQXsgmtv2umy0IKK0flE2ueChWz4ab3l43eDMHAypVlflV3SlSlynOFbO8WVQfAdCwxIsTnntev0Hq2q5uwctS90SXoa1J%2BUhF2QhqorZWFKawiTJLeE%2Fe5D5fXGZyUK0Q8L3dDAI7HdLf0jXeasnuXoLE20LfmhBRpzex38A9%2FTz3VWgJhf8UDt9A450d9eUwgW4mM%2F20wJFbokGwbffdpKoi4jdCc85fA%3D%3D","environmentVariables":{"FIREBASE_CONFIG":"{\"projectId\":\"bartalk-75142\",\"databaseURL\":\"https://bartalk-75142-default-rtdb.firebaseio.com\",\"storageBucket\":\"bartalk-75142.firebasestorage.app\"}","GCLOUD_PROJECT":"bartalk-75142","EVENTARC_CLOUD_EVENT_SOURCE":"projects/bartalk-75142/locations/us-central1/functions/sendPushNotification"},"runtime":"nodejs22","maxInstances":10,"buildId":"da31715a-c96b-46df-b1f4-0e17eca39d4e","buildEnvironmentVariables":{"GOOGLE_NODE_RUN_SCRIPTS":""},"buildName":"projects/311577709263/locations/us-central1/builds/da31715a-c96b-46df-b1f4-0e17eca39d4e","dockerRegistry":"ARTIFACT_REGISTRY","automaticUpdatePolicy":{},"buildServiceAccount":"projects/bartalk-75142/serviceAccounts/311577709263-compute@developer.gserviceaccount.com"},"versionId":"4","updateTime":"2026-05-17T13:42:00Z","buildId":"6a0521e1-6e0e-491b-9194-564422c66879","buildName":"projects/311577709263/locations/us-central1/builds/6a0521e1-6e0e-491b-9194-564422c66879"}}
[debug] [2026-05-17T13:42:08.178Z] [update-default-us-central1-sendPushNotification] Retrying task index 0
[debug] [2026-05-17T13:42:08.178Z] Checked if tokens are valid: true, expires at: 1779028904012
[debug] [2026-05-17T13:42:08.178Z] Checked if tokens are valid: true, expires at: 1779028904012
[debug] [2026-05-17T13:42:08.178Z] >>> [apiv2][query] GET https://cloudfunctions.googleapis.com/v1/operations/YmFydGFsay03NTE0Mi91cy1jZW50cmFsMS9zZW5kUHVzaE5vdGlmaWNhdGlvbi9qSm5Da3UwU2V5RQ [none]
[debug] [2026-05-17T13:42:08.319Z] <<< [apiv2][status] GET https://cloudfunctions.googleapis.com/v1/operations/YmFydGFsay03NTE0Mi91cy1jZW50cmFsMS9zZW5kUHVzaE5vdGlmaWNhdGlvbi9qSm5Da3UwU2V5RQ 200
[debug] [2026-05-17T13:42:08.319Z] <<< [apiv2][body] GET https://cloudfunctions.googleapis.com/v1/operations/YmFydGFsay03NTE0Mi91cy1jZW50cmFsMS9zZW5kUHVzaE5vdGlmaWNhdGlvbi9qSm5Da3UwU2V5RQ {"name":"operations/YmFydGFsay03NTE0Mi91cy1jZW50cmFsMS9zZW5kUHVzaE5vdGlmaWNhdGlvbi9qSm5Da3UwU2V5RQ","metadata":{"@type":"type.googleapis.com/google.cloud.functions.v1.OperationMetadataV1","target":"projects/bartalk-75142/locations/us-central1/functions/sendPushNotification","type":"UPDATE_FUNCTION","request":{"@type":"type.googleapis.com/google.cloud.functions.v1.CloudFunction","name":"projects/bartalk-75142/locations/us-central1/functions/sendPushNotification","eventTrigger":{"eventType":"providers/cloud.firestore/eventTypes/document.create","resource":"projects/bartalk-75142/databases/(default)/documents/conversations/{conversationId}/messages/{messageId}","service":"firestore.googleapis.com"},"status":"ACTIVE","entryPoint":"sendPushNotification","updateTime":"2026-05-15T12:12:24.465Z","versionId":"3","labels":{"deployment-tool":"cli-firebase","firebase-functions-hash":"67af25b94333e9a892ba712e37a6a034238852e7"},"sourceUploadUrl":"https://storage.googleapis.com/uploads-814583576153.us-central1.cloudfunctions.appspot.com/d94f235b-7b12-4456-9191-fcd2d080e238.zip?GoogleAccessId=service-311577709263@gcf-admin-robot.iam.gserviceaccount.com&Expires=1779027119&Signature=jRKsHhOconmlisvsPITEolpn9TWpWJFRjObzmS8u4iMO%2B2ndeTC%2BsR0eYpNRHTPT9fMk7mlIPV%2BFCJMVdEmmZqQ4jfsrXwxVxIVyTXqmftlrHlUFIBmkQXsgmtv2umy0IKK0flE2ueChWz4ab3l43eDMHAypVlflV3SlSlynOFbO8WVQfAdCwxIsTnntev0Hq2q5uwctS90SXoa1J%2BUhF2QhqorZWFKawiTJLeE%2Fe5D5fXGZyUK0Q8L3dDAI7HdLf0jXeasnuXoLE20LfmhBRpzex38A9%2FTz3VWgJhf8UDt9A450d9eUwgW4mM%2F20wJFbokGwbffdpKoi4jdCc85fA%3D%3D","environmentVariables":{"FIREBASE_CONFIG":"{\"projectId\":\"bartalk-75142\",\"databaseURL\":\"https://bartalk-75142-default-rtdb.firebaseio.com\",\"storageBucket\":\"bartalk-75142.firebasestorage.app\"}","GCLOUD_PROJECT":"bartalk-75142","EVENTARC_CLOUD_EVENT_SOURCE":"projects/bartalk-75142/locations/us-central1/functions/sendPushNotification"},"runtime":"nodejs22","maxInstances":10,"buildId":"da31715a-c96b-46df-b1f4-0e17eca39d4e","buildEnvironmentVariables":{"GOOGLE_NODE_RUN_SCRIPTS":""},"buildName":"projects/311577709263/locations/us-central1/builds/da31715a-c96b-46df-b1f4-0e17eca39d4e","dockerRegistry":"ARTIFACT_REGISTRY","automaticUpdatePolicy":{},"buildServiceAccount":"projects/bartalk-75142/serviceAccounts/311577709263-compute@developer.gserviceaccount.com"},"versionId":"4","updateTime":"2026-05-17T13:42:00Z","buildId":"6a0521e1-6e0e-491b-9194-564422c66879","buildName":"projects/311577709263/locations/us-central1/builds/6a0521e1-6e0e-491b-9194-564422c66879"}}
[debug] [2026-05-17T13:42:16.320Z] [update-default-us-central1-sendPushNotification] Retrying task index 0
[debug] [2026-05-17T13:42:16.320Z] Checked if tokens are valid: true, expires at: 1779028904012
[debug] [2026-05-17T13:42:16.320Z] Checked if tokens are valid: true, expires at: 1779028904012
[debug] [2026-05-17T13:42:16.321Z] >>> [apiv2][query] GET https://cloudfunctions.googleapis.com/v1/operations/YmFydGFsay03NTE0Mi91cy1jZW50cmFsMS9zZW5kUHVzaE5vdGlmaWNhdGlvbi9qSm5Da3UwU2V5RQ [none]
[debug] [2026-05-17T13:42:16.558Z] <<< [apiv2][status] GET https://cloudfunctions.googleapis.com/v1/operations/YmFydGFsay03NTE0Mi91cy1jZW50cmFsMS9zZW5kUHVzaE5vdGlmaWNhdGlvbi9qSm5Da3UwU2V5RQ 200
[debug] [2026-05-17T13:42:16.559Z] <<< [apiv2][body] GET https://cloudfunctions.googleapis.com/v1/operations/YmFydGFsay03NTE0Mi91cy1jZW50cmFsMS9zZW5kUHVzaE5vdGlmaWNhdGlvbi9qSm5Da3UwU2V5RQ {"name":"operations/YmFydGFsay03NTE0Mi91cy1jZW50cmFsMS9zZW5kUHVzaE5vdGlmaWNhdGlvbi9qSm5Da3UwU2V5RQ","metadata":{"@type":"type.googleapis.com/google.cloud.functions.v1.OperationMetadataV1","target":"projects/bartalk-75142/locations/us-central1/functions/sendPushNotification","type":"UPDATE_FUNCTION","request":{"@type":"type.googleapis.com/google.cloud.functions.v1.CloudFunction","name":"projects/bartalk-75142/locations/us-central1/functions/sendPushNotification","eventTrigger":{"eventType":"providers/cloud.firestore/eventTypes/document.create","resource":"projects/bartalk-75142/databases/(default)/documents/conversations/{conversationId}/messages/{messageId}","service":"firestore.googleapis.com"},"status":"ACTIVE","entryPoint":"sendPushNotification","updateTime":"2026-05-15T12:12:24.465Z","versionId":"3","labels":{"deployment-tool":"cli-firebase","firebase-functions-hash":"67af25b94333e9a892ba712e37a6a034238852e7"},"sourceUploadUrl":"https://storage.googleapis.com/uploads-814583576153.us-central1.cloudfunctions.appspot.com/d94f235b-7b12-4456-9191-fcd2d080e238.zip?GoogleAccessId=service-311577709263@gcf-admin-robot.iam.gserviceaccount.com&Expires=1779027119&Signature=jRKsHhOconmlisvsPITEolpn9TWpWJFRjObzmS8u4iMO%2B2ndeTC%2BsR0eYpNRHTPT9fMk7mlIPV%2BFCJMVdEmmZqQ4jfsrXwxVxIVyTXqmftlrHlUFIBmkQXsgmtv2umy0IKK0flE2ueChWz4ab3l43eDMHAypVlflV3SlSlynOFbO8WVQfAdCwxIsTnntev0Hq2q5uwctS90SXoa1J%2BUhF2QhqorZWFKawiTJLeE%2Fe5D5fXGZyUK0Q8L3dDAI7HdLf0jXeasnuXoLE20LfmhBRpzex38A9%2FTz3VWgJhf8UDt9A450d9eUwgW4mM%2F20wJFbokGwbffdpKoi4jdCc85fA%3D%3D","environmentVariables":{"FIREBASE_CONFIG":"{\"projectId\":\"bartalk-75142\",\"databaseURL\":\"https://bartalk-75142-default-rtdb.firebaseio.com\",\"storageBucket\":\"bartalk-75142.firebasestorage.app\"}","GCLOUD_PROJECT":"bartalk-75142","EVENTARC_CLOUD_EVENT_SOURCE":"projects/bartalk-75142/locations/us-central1/functions/sendPushNotification"},"runtime":"nodejs22","maxInstances":10,"buildId":"da31715a-c96b-46df-b1f4-0e17eca39d4e","buildEnvironmentVariables":{"GOOGLE_NODE_RUN_SCRIPTS":""},"buildName":"projects/311577709263/locations/us-central1/builds/da31715a-c96b-46df-b1f4-0e17eca39d4e","dockerRegistry":"ARTIFACT_REGISTRY","automaticUpdatePolicy":{},"buildServiceAccount":"projects/bartalk-75142/serviceAccounts/311577709263-compute@developer.gserviceaccount.com"},"versionId":"4","updateTime":"2026-05-17T13:42:00Z","buildId":"6a0521e1-6e0e-491b-9194-564422c66879","buildName":"projects/311577709263/locations/us-central1/builds/6a0521e1-6e0e-491b-9194-564422c66879"}}
[debug] [2026-05-17T13:42:26.560Z] [update-default-us-central1-sendPushNotification] Retrying task index 0
[debug] [2026-05-17T13:42:26.561Z] Checked if tokens are valid: true, expires at: 1779028904012
[debug] [2026-05-17T13:42:26.561Z] Checked if tokens are valid: true, expires at: 1779028904012
[debug] [2026-05-17T13:42:26.561Z] >>> [apiv2][query] GET https://cloudfunctions.googleapis.com/v1/operations/YmFydGFsay03NTE0Mi91cy1jZW50cmFsMS9zZW5kUHVzaE5vdGlmaWNhdGlvbi9qSm5Da3UwU2V5RQ [none]
[debug] [2026-05-17T13:42:26.848Z] <<< [apiv2][status] GET https://cloudfunctions.googleapis.com/v1/operations/YmFydGFsay03NTE0Mi91cy1jZW50cmFsMS9zZW5kUHVzaE5vdGlmaWNhdGlvbi9qSm5Da3UwU2V5RQ 200
[debug] [2026-05-17T13:42:26.848Z] <<< [apiv2][body] GET https://cloudfunctions.googleapis.com/v1/operations/YmFydGFsay03NTE0Mi91cy1jZW50cmFsMS9zZW5kUHVzaE5vdGlmaWNhdGlvbi9qSm5Da3UwU2V5RQ {"name":"operations/YmFydGFsay03NTE0Mi91cy1jZW50cmFsMS9zZW5kUHVzaE5vdGlmaWNhdGlvbi9qSm5Da3UwU2V5RQ","metadata":{"@type":"type.googleapis.com/google.cloud.functions.v1.OperationMetadataV1","target":"projects/bartalk-75142/locations/us-central1/functions/sendPushNotification","type":"UPDATE_FUNCTION","request":{"@type":"type.googleapis.com/google.cloud.functions.v1.CloudFunction","name":"projects/bartalk-75142/locations/us-central1/functions/sendPushNotification","eventTrigger":{"eventType":"providers/cloud.firestore/eventTypes/document.create","resource":"projects/bartalk-75142/databases/(default)/documents/conversations/{conversationId}/messages/{messageId}","service":"firestore.googleapis.com"},"status":"ACTIVE","entryPoint":"sendPushNotification","updateTime":"2026-05-15T12:12:24.465Z","versionId":"3","labels":{"deployment-tool":"cli-firebase","firebase-functions-hash":"67af25b94333e9a892ba712e37a6a034238852e7"},"sourceUploadUrl":"https://storage.googleapis.com/uploads-814583576153.us-central1.cloudfunctions.appspot.com/d94f235b-7b12-4456-9191-fcd2d080e238.zip?GoogleAccessId=service-311577709263@gcf-admin-robot.iam.gserviceaccount.com&Expires=1779027119&Signature=jRKsHhOconmlisvsPITEolpn9TWpWJFRjObzmS8u4iMO%2B2ndeTC%2BsR0eYpNRHTPT9fMk7mlIPV%2BFCJMVdEmmZqQ4jfsrXwxVxIVyTXqmftlrHlUFIBmkQXsgmtv2umy0IKK0flE2ueChWz4ab3l43eDMHAypVlflV3SlSlynOFbO8WVQfAdCwxIsTnntev0Hq2q5uwctS90SXoa1J%2BUhF2QhqorZWFKawiTJLeE%2Fe5D5fXGZyUK0Q8L3dDAI7HdLf0jXeasnuXoLE20LfmhBRpzex38A9%2FTz3VWgJhf8UDt9A450d9eUwgW4mM%2F20wJFbokGwbffdpKoi4jdCc85fA%3D%3D","environmentVariables":{"FIREBASE_CONFIG":"{\"projectId\":\"bartalk-75142\",\"databaseURL\":\"https://bartalk-75142-default-rtdb.firebaseio.com\",\"storageBucket\":\"bartalk-75142.firebasestorage.app\"}","GCLOUD_PROJECT":"bartalk-75142","EVENTARC_CLOUD_EVENT_SOURCE":"projects/bartalk-75142/locations/us-central1/functions/sendPushNotification"},"runtime":"nodejs22","maxInstances":10,"buildId":"da31715a-c96b-46df-b1f4-0e17eca39d4e","buildEnvironmentVariables":{"GOOGLE_NODE_RUN_SCRIPTS":""},"buildName":"projects/311577709263/locations/us-central1/builds/da31715a-c96b-46df-b1f4-0e17eca39d4e","dockerRegistry":"ARTIFACT_REGISTRY","automaticUpdatePolicy":{},"buildServiceAccount":"projects/bartalk-75142/serviceAccounts/311577709263-compute@developer.gserviceaccount.com"},"versionId":"4","updateTime":"2026-05-17T13:42:00Z","buildId":"6a0521e1-6e0e-491b-9194-564422c66879","buildName":"projects/311577709263/locations/us-central1/builds/6a0521e1-6e0e-491b-9194-564422c66879"}}
[debug] [2026-05-17T13:42:36.850Z] [update-default-us-central1-sendPushNotification] Retrying task index 0
[debug] [2026-05-17T13:42:36.851Z] Checked if tokens are valid: true, expires at: 1779028904012
[debug] [2026-05-17T13:42:36.851Z] Checked if tokens are valid: true, expires at: 1779028904012
[debug] [2026-05-17T13:42:36.851Z] >>> [apiv2][query] GET https://cloudfunctions.googleapis.com/v1/operations/YmFydGFsay03NTE0Mi91cy1jZW50cmFsMS9zZW5kUHVzaE5vdGlmaWNhdGlvbi9qSm5Da3UwU2V5RQ [none]
[debug] [2026-05-17T13:42:37.061Z] <<< [apiv2][status] GET https://cloudfunctions.googleapis.com/v1/operations/YmFydGFsay03NTE0Mi91cy1jZW50cmFsMS9zZW5kUHVzaE5vdGlmaWNhdGlvbi9qSm5Da3UwU2V5RQ 200
[debug] [2026-05-17T13:42:37.061Z] <<< [apiv2][body] GET https://cloudfunctions.googleapis.com/v1/operations/YmFydGFsay03NTE0Mi91cy1jZW50cmFsMS9zZW5kUHVzaE5vdGlmaWNhdGlvbi9qSm5Da3UwU2V5RQ {"name":"operations/YmFydGFsay03NTE0Mi91cy1jZW50cmFsMS9zZW5kUHVzaE5vdGlmaWNhdGlvbi9qSm5Da3UwU2V5RQ","metadata":{"@type":"type.googleapis.com/google.cloud.functions.v1.OperationMetadataV1","target":"projects/bartalk-75142/locations/us-central1/functions/sendPushNotification","type":"UPDATE_FUNCTION","request":{"@type":"type.googleapis.com/google.cloud.functions.v1.CloudFunction","name":"projects/bartalk-75142/locations/us-central1/functions/sendPushNotification","eventTrigger":{"eventType":"providers/cloud.firestore/eventTypes/document.create","resource":"projects/bartalk-75142/databases/(default)/documents/conversations/{conversationId}/messages/{messageId}","service":"firestore.googleapis.com"},"status":"ACTIVE","entryPoint":"sendPushNotification","updateTime":"2026-05-15T12:12:24.465Z","versionId":"3","labels":{"deployment-tool":"cli-firebase","firebase-functions-hash":"67af25b94333e9a892ba712e37a6a034238852e7"},"sourceUploadUrl":"https://storage.googleapis.com/uploads-814583576153.us-central1.cloudfunctions.appspot.com/d94f235b-7b12-4456-9191-fcd2d080e238.zip?GoogleAccessId=service-311577709263@gcf-admin-robot.iam.gserviceaccount.com&Expires=1779027119&Signature=jRKsHhOconmlisvsPITEolpn9TWpWJFRjObzmS8u4iMO%2B2ndeTC%2BsR0eYpNRHTPT9fMk7mlIPV%2BFCJMVdEmmZqQ4jfsrXwxVxIVyTXqmftlrHlUFIBmkQXsgmtv2umy0IKK0flE2ueChWz4ab3l43eDMHAypVlflV3SlSlynOFbO8WVQfAdCwxIsTnntev0Hq2q5uwctS90SXoa1J%2BUhF2QhqorZWFKawiTJLeE%2Fe5D5fXGZyUK0Q8L3dDAI7HdLf0jXeasnuXoLE20LfmhBRpzex38A9%2FTz3VWgJhf8UDt9A450d9eUwgW4mM%2F20wJFbokGwbffdpKoi4jdCc85fA%3D%3D","environmentVariables":{"FIREBASE_CONFIG":"{\"projectId\":\"bartalk-75142\",\"databaseURL\":\"https://bartalk-75142-default-rtdb.firebaseio.com\",\"storageBucket\":\"bartalk-75142.firebasestorage.app\"}","GCLOUD_PROJECT":"bartalk-75142","EVENTARC_CLOUD_EVENT_SOURCE":"projects/bartalk-75142/locations/us-central1/functions/sendPushNotification"},"runtime":"nodejs22","maxInstances":10,"buildId":"da31715a-c96b-46df-b1f4-0e17eca39d4e","buildEnvironmentVariables":{"GOOGLE_NODE_RUN_SCRIPTS":""},"buildName":"projects/311577709263/locations/us-central1/builds/da31715a-c96b-46df-b1f4-0e17eca39d4e","dockerRegistry":"ARTIFACT_REGISTRY","automaticUpdatePolicy":{},"buildServiceAccount":"projects/bartalk-75142/serviceAccounts/311577709263-compute@developer.gserviceaccount.com"},"versionId":"4","updateTime":"2026-05-17T13:42:00Z","buildId":"6a0521e1-6e0e-491b-9194-564422c66879","buildName":"projects/311577709263/locations/us-central1/builds/6a0521e1-6e0e-491b-9194-564422c66879"}}
[debug] [2026-05-17T13:42:47.062Z] [update-default-us-central1-sendPushNotification] Retrying task index 0
[debug] [2026-05-17T13:42:47.063Z] Checked if tokens are valid: true, expires at: 1779028904012
[debug] [2026-05-17T13:42:47.063Z] Checked if tokens are valid: true, expires at: 1779028904012
[debug] [2026-05-17T13:42:47.063Z] >>> [apiv2][query] GET https://cloudfunctions.googleapis.com/v1/operations/YmFydGFsay03NTE0Mi91cy1jZW50cmFsMS9zZW5kUHVzaE5vdGlmaWNhdGlvbi9qSm5Da3UwU2V5RQ [none]
[debug] [2026-05-17T13:42:47.306Z] <<< [apiv2][status] GET https://cloudfunctions.googleapis.com/v1/operations/YmFydGFsay03NTE0Mi91cy1jZW50cmFsMS9zZW5kUHVzaE5vdGlmaWNhdGlvbi9qSm5Da3UwU2V5RQ 200
[debug] [2026-05-17T13:42:47.306Z] <<< [apiv2][body] GET https://cloudfunctions.googleapis.com/v1/operations/YmFydGFsay03NTE0Mi91cy1jZW50cmFsMS9zZW5kUHVzaE5vdGlmaWNhdGlvbi9qSm5Da3UwU2V5RQ {"name":"operations/YmFydGFsay03NTE0Mi91cy1jZW50cmFsMS9zZW5kUHVzaE5vdGlmaWNhdGlvbi9qSm5Da3UwU2V5RQ","metadata":{"@type":"type.googleapis.com/google.cloud.functions.v1.OperationMetadataV1","target":"projects/bartalk-75142/locations/us-central1/functions/sendPushNotification","type":"UPDATE_FUNCTION","request":{"@type":"type.googleapis.com/google.cloud.functions.v1.CloudFunction","name":"projects/bartalk-75142/locations/us-central1/functions/sendPushNotification","eventTrigger":{"eventType":"providers/cloud.firestore/eventTypes/document.create","resource":"projects/bartalk-75142/databases/(default)/documents/conversations/{conversationId}/messages/{messageId}","service":"firestore.googleapis.com"},"status":"ACTIVE","entryPoint":"sendPushNotification","updateTime":"2026-05-15T12:12:24.465Z","versionId":"3","labels":{"deployment-tool":"cli-firebase","firebase-functions-hash":"67af25b94333e9a892ba712e37a6a034238852e7"},"sourceUploadUrl":"https://storage.googleapis.com/uploads-814583576153.us-central1.cloudfunctions.appspot.com/d94f235b-7b12-4456-9191-fcd2d080e238.zip?GoogleAccessId=service-311577709263@gcf-admin-robot.iam.gserviceaccount.com&Expires=1779027119&Signature=jRKsHhOconmlisvsPITEolpn9TWpWJFRjObzmS8u4iMO%2B2ndeTC%2BsR0eYpNRHTPT9fMk7mlIPV%2BFCJMVdEmmZqQ4jfsrXwxVxIVyTXqmftlrHlUFIBmkQXsgmtv2umy0IKK0flE2ueChWz4ab3l43eDMHAypVlflV3SlSlynOFbO8WVQfAdCwxIsTnntev0Hq2q5uwctS90SXoa1J%2BUhF2QhqorZWFKawiTJLeE%2Fe5D5fXGZyUK0Q8L3dDAI7HdLf0jXeasnuXoLE20LfmhBRpzex38A9%2FTz3VWgJhf8UDt9A450d9eUwgW4mM%2F20wJFbokGwbffdpKoi4jdCc85fA%3D%3D","environmentVariables":{"FIREBASE_CONFIG":"{\"projectId\":\"bartalk-75142\",\"databaseURL\":\"https://bartalk-75142-default-rtdb.firebaseio.com\",\"storageBucket\":\"bartalk-75142.firebasestorage.app\"}","GCLOUD_PROJECT":"bartalk-75142","EVENTARC_CLOUD_EVENT_SOURCE":"projects/bartalk-75142/locations/us-central1/functions/sendPushNotification"},"runtime":"nodejs22","maxInstances":10,"buildId":"da31715a-c96b-46df-b1f4-0e17eca39d4e","buildEnvironmentVariables":{"GOOGLE_NODE_RUN_SCRIPTS":""},"buildName":"projects/311577709263/locations/us-central1/builds/da31715a-c96b-46df-b1f4-0e17eca39d4e","dockerRegistry":"ARTIFACT_REGISTRY","automaticUpdatePolicy":{},"buildServiceAccount":"projects/bartalk-75142/serviceAccounts/311577709263-compute@developer.gserviceaccount.com"},"versionId":"4","updateTime":"2026-05-17T13:42:00Z","buildId":"6a0521e1-6e0e-491b-9194-564422c66879","buildName":"projects/311577709263/locations/us-central1/builds/6a0521e1-6e0e-491b-9194-564422c66879"}}
[debug] [2026-05-17T13:42:57.307Z] [update-default-us-central1-sendPushNotification] Retrying task index 0
[debug] [2026-05-17T13:42:57.308Z] Checked if tokens are valid: true, expires at: 1779028904012
[debug] [2026-05-17T13:42:57.308Z] Checked if tokens are valid: true, expires at: 1779028904012
[debug] [2026-05-17T13:42:57.309Z] >>> [apiv2][query] GET https://cloudfunctions.googleapis.com/v1/operations/YmFydGFsay03NTE0Mi91cy1jZW50cmFsMS9zZW5kUHVzaE5vdGlmaWNhdGlvbi9qSm5Da3UwU2V5RQ [none]
[debug] [2026-05-17T13:42:57.580Z] <<< [apiv2][status] GET https://cloudfunctions.googleapis.com/v1/operations/YmFydGFsay03NTE0Mi91cy1jZW50cmFsMS9zZW5kUHVzaE5vdGlmaWNhdGlvbi9qSm5Da3UwU2V5RQ 200
[debug] [2026-05-17T13:42:57.580Z] <<< [apiv2][body] GET https://cloudfunctions.googleapis.com/v1/operations/YmFydGFsay03NTE0Mi91cy1jZW50cmFsMS9zZW5kUHVzaE5vdGlmaWNhdGlvbi9qSm5Da3UwU2V5RQ {"name":"operations/YmFydGFsay03NTE0Mi91cy1jZW50cmFsMS9zZW5kUHVzaE5vdGlmaWNhdGlvbi9qSm5Da3UwU2V5RQ","metadata":{"@type":"type.googleapis.com/google.cloud.functions.v1.OperationMetadataV1","target":"projects/bartalk-75142/locations/us-central1/functions/sendPushNotification","type":"UPDATE_FUNCTION","request":{"@type":"type.googleapis.com/google.cloud.functions.v1.CloudFunction","name":"projects/bartalk-75142/locations/us-central1/functions/sendPushNotification","eventTrigger":{"eventType":"providers/cloud.firestore/eventTypes/document.create","resource":"projects/bartalk-75142/databases/(default)/documents/conversations/{conversationId}/messages/{messageId}","service":"firestore.googleapis.com"},"status":"ACTIVE","entryPoint":"sendPushNotification","updateTime":"2026-05-15T12:12:24.465Z","versionId":"3","labels":{"deployment-tool":"cli-firebase","firebase-functions-hash":"67af25b94333e9a892ba712e37a6a034238852e7"},"sourceUploadUrl":"https://storage.googleapis.com/uploads-814583576153.us-central1.cloudfunctions.appspot.com/d94f235b-7b12-4456-9191-fcd2d080e238.zip?GoogleAccessId=service-311577709263@gcf-admin-robot.iam.gserviceaccount.com&Expires=1779027119&Signature=jRKsHhOconmlisvsPITEolpn9TWpWJFRjObzmS8u4iMO%2B2ndeTC%2BsR0eYpNRHTPT9fMk7mlIPV%2BFCJMVdEmmZqQ4jfsrXwxVxIVyTXqmftlrHlUFIBmkQXsgmtv2umy0IKK0flE2ueChWz4ab3l43eDMHAypVlflV3SlSlynOFbO8WVQfAdCwxIsTnntev0Hq2q5uwctS90SXoa1J%2BUhF2QhqorZWFKawiTJLeE%2Fe5D5fXGZyUK0Q8L3dDAI7HdLf0jXeasnuXoLE20LfmhBRpzex38A9%2FTz3VWgJhf8UDt9A450d9eUwgW4mM%2F20wJFbokGwbffdpKoi4jdCc85fA%3D%3D","environmentVariables":{"FIREBASE_CONFIG":"{\"projectId\":\"bartalk-75142\",\"databaseURL\":\"https://bartalk-75142-default-rtdb.firebaseio.com\",\"storageBucket\":\"bartalk-75142.firebasestorage.app\"}","GCLOUD_PROJECT":"bartalk-75142","EVENTARC_CLOUD_EVENT_SOURCE":"projects/bartalk-75142/locations/us-central1/functions/sendPushNotification"},"runtime":"nodejs22","maxInstances":10,"buildId":"da31715a-c96b-46df-b1f4-0e17eca39d4e","buildEnvironmentVariables":{"GOOGLE_NODE_RUN_SCRIPTS":""},"buildName":"projects/311577709263/locations/us-central1/builds/da31715a-c96b-46df-b1f4-0e17eca39d4e","dockerRegistry":"ARTIFACT_REGISTRY","automaticUpdatePolicy":{},"buildServiceAccount":"projects/bartalk-75142/serviceAccounts/311577709263-compute@developer.gserviceaccount.com"},"versionId":"4","updateTime":"2026-05-17T13:42:00Z","buildId":"6a0521e1-6e0e-491b-9194-564422c66879","buildName":"projects/311577709263/locations/us-central1/builds/6a0521e1-6e0e-491b-9194-564422c66879"}}
[debug] [2026-05-17T13:43:07.581Z] [update-default-us-central1-sendPushNotification] Retrying task index 0
[debug] [2026-05-17T13:43:07.582Z] Checked if tokens are valid: true, expires at: 1779028904012
[debug] [2026-05-17T13:43:07.582Z] Checked if tokens are valid: true, expires at: 1779028904012
[debug] [2026-05-17T13:43:07.582Z] >>> [apiv2][query] GET https://cloudfunctions.googleapis.com/v1/operations/YmFydGFsay03NTE0Mi91cy1jZW50cmFsMS9zZW5kUHVzaE5vdGlmaWNhdGlvbi9qSm5Da3UwU2V5RQ [none]
[debug] [2026-05-17T13:43:07.841Z] <<< [apiv2][status] GET https://cloudfunctions.googleapis.com/v1/operations/YmFydGFsay03NTE0Mi91cy1jZW50cmFsMS9zZW5kUHVzaE5vdGlmaWNhdGlvbi9qSm5Da3UwU2V5RQ 200
[debug] [2026-05-17T13:43:07.841Z] <<< [apiv2][body] GET https://cloudfunctions.googleapis.com/v1/operations/YmFydGFsay03NTE0Mi91cy1jZW50cmFsMS9zZW5kUHVzaE5vdGlmaWNhdGlvbi9qSm5Da3UwU2V5RQ {"name":"operations/YmFydGFsay03NTE0Mi91cy1jZW50cmFsMS9zZW5kUHVzaE5vdGlmaWNhdGlvbi9qSm5Da3UwU2V5RQ","metadata":{"@type":"type.googleapis.com/google.cloud.functions.v1.OperationMetadataV1","target":"projects/bartalk-75142/locations/us-central1/functions/sendPushNotification","type":"UPDATE_FUNCTION","request":{"@type":"type.googleapis.com/google.cloud.functions.v1.CloudFunction","name":"projects/bartalk-75142/locations/us-central1/functions/sendPushNotification","eventTrigger":{"eventType":"providers/cloud.firestore/eventTypes/document.create","resource":"projects/bartalk-75142/databases/(default)/documents/conversations/{conversationId}/messages/{messageId}","service":"firestore.googleapis.com"},"status":"ACTIVE","entryPoint":"sendPushNotification","updateTime":"2026-05-15T12:12:24.465Z","versionId":"3","labels":{"deployment-tool":"cli-firebase","firebase-functions-hash":"67af25b94333e9a892ba712e37a6a034238852e7"},"sourceUploadUrl":"https://storage.googleapis.com/uploads-814583576153.us-central1.cloudfunctions.appspot.com/d94f235b-7b12-4456-9191-fcd2d080e238.zip?GoogleAccessId=service-311577709263@gcf-admin-robot.iam.gserviceaccount.com&Expires=1779027119&Signature=jRKsHhOconmlisvsPITEolpn9TWpWJFRjObzmS8u4iMO%2B2ndeTC%2BsR0eYpNRHTPT9fMk7mlIPV%2BFCJMVdEmmZqQ4jfsrXwxVxIVyTXqmftlrHlUFIBmkQXsgmtv2umy0IKK0flE2ueChWz4ab3l43eDMHAypVlflV3SlSlynOFbO8WVQfAdCwxIsTnntev0Hq2q5uwctS90SXoa1J%2BUhF2QhqorZWFKawiTJLeE%2Fe5D5fXGZyUK0Q8L3dDAI7HdLf0jXeasnuXoLE20LfmhBRpzex38A9%2FTz3VWgJhf8UDt9A450d9eUwgW4mM%2F20wJFbokGwbffdpKoi4jdCc85fA%3D%3D","environmentVariables":{"FIREBASE_CONFIG":"{\"projectId\":\"bartalk-75142\",\"databaseURL\":\"https://bartalk-75142-default-rtdb.firebaseio.com\",\"storageBucket\":\"bartalk-75142.firebasestorage.app\"}","GCLOUD_PROJECT":"bartalk-75142","EVENTARC_CLOUD_EVENT_SOURCE":"projects/bartalk-75142/locations/us-central1/functions/sendPushNotification"},"runtime":"nodejs22","maxInstances":10,"buildId":"da31715a-c96b-46df-b1f4-0e17eca39d4e","buildEnvironmentVariables":{"GOOGLE_NODE_RUN_SCRIPTS":""},"buildName":"projects/311577709263/locations/us-central1/builds/da31715a-c96b-46df-b1f4-0e17eca39d4e","dockerRegistry":"ARTIFACT_REGISTRY","automaticUpdatePolicy":{},"buildServiceAccount":"projects/bartalk-75142/serviceAccounts/311577709263-compute@developer.gserviceaccount.com"},"versionId":"4","updateTime":"2026-05-17T13:42:00Z","buildId":"6a0521e1-6e0e-491b-9194-564422c66879","buildName":"projects/311577709263/locations/us-central1/builds/6a0521e1-6e0e-491b-9194-564422c66879"}}
[debug] [2026-05-17T13:43:17.842Z] [update-default-us-central1-sendPushNotification] Retrying task index 0
[debug] [2026-05-17T13:43:17.843Z] Checked if tokens are valid: true, expires at: 1779028904012
[debug] [2026-05-17T13:43:17.843Z] Checked if tokens are valid: true, expires at: 1779028904012
[debug] [2026-05-17T13:43:17.843Z] >>> [apiv2][query] GET https://cloudfunctions.googleapis.com/v1/operations/YmFydGFsay03NTE0Mi91cy1jZW50cmFsMS9zZW5kUHVzaE5vdGlmaWNhdGlvbi9qSm5Da3UwU2V5RQ [none]
[debug] [2026-05-17T13:43:18.090Z] <<< [apiv2][status] GET https://cloudfunctions.googleapis.com/v1/operations/YmFydGFsay03NTE0Mi91cy1jZW50cmFsMS9zZW5kUHVzaE5vdGlmaWNhdGlvbi9qSm5Da3UwU2V5RQ 200
[debug] [2026-05-17T13:43:18.090Z] <<< [apiv2][body] GET https://cloudfunctions.googleapis.com/v1/operations/YmFydGFsay03NTE0Mi91cy1jZW50cmFsMS9zZW5kUHVzaE5vdGlmaWNhdGlvbi9qSm5Da3UwU2V5RQ {"name":"operations/YmFydGFsay03NTE0Mi91cy1jZW50cmFsMS9zZW5kUHVzaE5vdGlmaWNhdGlvbi9qSm5Da3UwU2V5RQ","metadata":{"@type":"type.googleapis.com/google.cloud.functions.v1.OperationMetadataV1","target":"projects/bartalk-75142/locations/us-central1/functions/sendPushNotification","type":"UPDATE_FUNCTION","request":{"@type":"type.googleapis.com/google.cloud.functions.v1.CloudFunction","name":"projects/bartalk-75142/locations/us-central1/functions/sendPushNotification","eventTrigger":{"eventType":"providers/cloud.firestore/eventTypes/document.create","resource":"projects/bartalk-75142/databases/(default)/documents/conversations/{conversationId}/messages/{messageId}","service":"firestore.googleapis.com"},"status":"ACTIVE","entryPoint":"sendPushNotification","updateTime":"2026-05-15T12:12:24.465Z","versionId":"3","labels":{"deployment-tool":"cli-firebase","firebase-functions-hash":"67af25b94333e9a892ba712e37a6a034238852e7"},"sourceUploadUrl":"https://storage.googleapis.com/uploads-814583576153.us-central1.cloudfunctions.appspot.com/d94f235b-7b12-4456-9191-fcd2d080e238.zip?GoogleAccessId=service-311577709263@gcf-admin-robot.iam.gserviceaccount.com&Expires=1779027119&Signature=jRKsHhOconmlisvsPITEolpn9TWpWJFRjObzmS8u4iMO%2B2ndeTC%2BsR0eYpNRHTPT9fMk7mlIPV%2BFCJMVdEmmZqQ4jfsrXwxVxIVyTXqmftlrHlUFIBmkQXsgmtv2umy0IKK0flE2ueChWz4ab3l43eDMHAypVlflV3SlSlynOFbO8WVQfAdCwxIsTnntev0Hq2q5uwctS90SXoa1J%2BUhF2QhqorZWFKawiTJLeE%2Fe5D5fXGZyUK0Q8L3dDAI7HdLf0jXeasnuXoLE20LfmhBRpzex38A9%2FTz3VWgJhf8UDt9A450d9eUwgW4mM%2F20wJFbokGwbffdpKoi4jdCc85fA%3D%3D","environmentVariables":{"FIREBASE_CONFIG":"{\"projectId\":\"bartalk-75142\",\"databaseURL\":\"https://bartalk-75142-default-rtdb.firebaseio.com\",\"storageBucket\":\"bartalk-75142.firebasestorage.app\"}","GCLOUD_PROJECT":"bartalk-75142","EVENTARC_CLOUD_EVENT_SOURCE":"projects/bartalk-75142/locations/us-central1/functions/sendPushNotification"},"runtime":"nodejs22","maxInstances":10,"buildId":"da31715a-c96b-46df-b1f4-0e17eca39d4e","buildEnvironmentVariables":{"GOOGLE_NODE_RUN_SCRIPTS":""},"buildName":"projects/311577709263/locations/us-central1/builds/da31715a-c96b-46df-b1f4-0e17eca39d4e","dockerRegistry":"ARTIFACT_REGISTRY","automaticUpdatePolicy":{},"buildServiceAccount":"projects/bartalk-75142/serviceAccounts/311577709263-compute@developer.gserviceaccount.com"},"versionId":"4","updateTime":"2026-05-17T13:42:00Z","buildId":"6a0521e1-6e0e-491b-9194-564422c66879","sourceToken":"6923ce89-63ae-40a9-b368-1d93c6b98935","buildName":"projects/311577709263/locations/us-central1/builds/6a0521e1-6e0e-491b-9194-564422c66879"}}
[debug] [2026-05-17T13:43:18.090Z] Got source token 6923ce89-63ae-40a9-b368-1d93c6b98935 for region us-central1
[debug] [2026-05-17T13:43:28.090Z] [update-default-us-central1-sendPushNotification] Retrying task index 0
[debug] [2026-05-17T13:43:28.091Z] Checked if tokens are valid: true, expires at: 1779028904012
[debug] [2026-05-17T13:43:28.091Z] Checked if tokens are valid: true, expires at: 1779028904012
[debug] [2026-05-17T13:43:28.091Z] >>> [apiv2][query] GET https://cloudfunctions.googleapis.com/v1/operations/YmFydGFsay03NTE0Mi91cy1jZW50cmFsMS9zZW5kUHVzaE5vdGlmaWNhdGlvbi9qSm5Da3UwU2V5RQ [none]
[debug] [2026-05-17T13:43:28.382Z] <<< [apiv2][status] GET https://cloudfunctions.googleapis.com/v1/operations/YmFydGFsay03NTE0Mi91cy1jZW50cmFsMS9zZW5kUHVzaE5vdGlmaWNhdGlvbi9qSm5Da3UwU2V5RQ 200
[debug] [2026-05-17T13:43:28.382Z] <<< [apiv2][body] GET https://cloudfunctions.googleapis.com/v1/operations/YmFydGFsay03NTE0Mi91cy1jZW50cmFsMS9zZW5kUHVzaE5vdGlmaWNhdGlvbi9qSm5Da3UwU2V5RQ {"name":"operations/YmFydGFsay03NTE0Mi91cy1jZW50cmFsMS9zZW5kUHVzaE5vdGlmaWNhdGlvbi9qSm5Da3UwU2V5RQ","metadata":{"@type":"type.googleapis.com/google.cloud.functions.v1.OperationMetadataV1","target":"projects/bartalk-75142/locations/us-central1/functions/sendPushNotification","type":"UPDATE_FUNCTION","request":{"@type":"type.googleapis.com/google.cloud.functions.v1.CloudFunction","name":"projects/bartalk-75142/locations/us-central1/functions/sendPushNotification","eventTrigger":{"eventType":"providers/cloud.firestore/eventTypes/document.create","resource":"projects/bartalk-75142/databases/(default)/documents/conversations/{conversationId}/messages/{messageId}","service":"firestore.googleapis.com"},"status":"ACTIVE","entryPoint":"sendPushNotification","updateTime":"2026-05-15T12:12:24.465Z","versionId":"3","labels":{"deployment-tool":"cli-firebase","firebase-functions-hash":"67af25b94333e9a892ba712e37a6a034238852e7"},"sourceUploadUrl":"https://storage.googleapis.com/uploads-814583576153.us-central1.cloudfunctions.appspot.com/d94f235b-7b12-4456-9191-fcd2d080e238.zip?GoogleAccessId=service-311577709263@gcf-admin-robot.iam.gserviceaccount.com&Expires=1779027119&Signature=jRKsHhOconmlisvsPITEolpn9TWpWJFRjObzmS8u4iMO%2B2ndeTC%2BsR0eYpNRHTPT9fMk7mlIPV%2BFCJMVdEmmZqQ4jfsrXwxVxIVyTXqmftlrHlUFIBmkQXsgmtv2umy0IKK0flE2ueChWz4ab3l43eDMHAypVlflV3SlSlynOFbO8WVQfAdCwxIsTnntev0Hq2q5uwctS90SXoa1J%2BUhF2QhqorZWFKawiTJLeE%2Fe5D5fXGZyUK0Q8L3dDAI7HdLf0jXeasnuXoLE20LfmhBRpzex38A9%2FTz3VWgJhf8UDt9A450d9eUwgW4mM%2F20wJFbokGwbffdpKoi4jdCc85fA%3D%3D","environmentVariables":{"FIREBASE_CONFIG":"{\"projectId\":\"bartalk-75142\",\"databaseURL\":\"https://bartalk-75142-default-rtdb.firebaseio.com\",\"storageBucket\":\"bartalk-75142.firebasestorage.app\"}","GCLOUD_PROJECT":"bartalk-75142","EVENTARC_CLOUD_EVENT_SOURCE":"projects/bartalk-75142/locations/us-central1/functions/sendPushNotification"},"runtime":"nodejs22","maxInstances":10,"buildId":"da31715a-c96b-46df-b1f4-0e17eca39d4e","buildEnvironmentVariables":{"GOOGLE_NODE_RUN_SCRIPTS":""},"buildName":"projects/311577709263/locations/us-central1/builds/da31715a-c96b-46df-b1f4-0e17eca39d4e","dockerRegistry":"ARTIFACT_REGISTRY","automaticUpdatePolicy":{},"buildServiceAccount":"projects/bartalk-75142/serviceAccounts/311577709263-compute@developer.gserviceaccount.com"},"versionId":"4","updateTime":"2026-05-17T13:43:27Z","buildId":"6a0521e1-6e0e-491b-9194-564422c66879","sourceToken":"6923ce89-63ae-40a9-b368-1d93c6b98935","buildName":"projects/311577709263/locations/us-central1/builds/6a0521e1-6e0e-491b-9194-564422c66879"},"done":true,"response":{"@type":"type.googleapis.com/google.cloud.functions.v1.CloudFunction","name":"projects/bartalk-75142/locations/us-central1/functions/sendPushNotification","eventTrigger":{"eventType":"providers/cloud.firestore/eventTypes/document.create","resource":"projects/bartalk-75142/databases/(default)/documents/conversations/{conversationId}/messages/{messageId}","service":"firestore.googleapis.com","failurePolicy":{}},"status":"ACTIVE","entryPoint":"sendPushNotification","timeout":"60s","availableMemoryMb":256,"serviceAccountEmail":"bartalk-75142@appspot.gserviceaccount.com","updateTime":"2026-05-17T13:43:27.385Z","versionId":"4","labels":{"deployment-tool":"cli-firebase","firebase-functions-hash":"67af25b94333e9a892ba712e37a6a034238852e7"},"sourceUploadUrl":"https://storage.googleapis.com/uploads-814583576153.us-central1.cloudfunctions.appspot.com/d94f235b-7b12-4456-9191-fcd2d080e238.zip","environmentVariables":{"FIREBASE_CONFIG":"{\"projectId\":\"bartalk-75142\",\"databaseURL\":\"https://bartalk-75142-default-rtdb.firebaseio.com\",\"storageBucket\":\"bartalk-75142.firebasestorage.app\"}","GCLOUD_PROJECT":"bartalk-75142","EVENTARC_CLOUD_EVENT_SOURCE":"projects/bartalk-75142/locations/us-central1/functions/sendPushNotification"},"runtime":"nodejs22","maxInstances":10,"ingressSettings":"ALLOW_ALL","buildId":"6a0521e1-6e0e-491b-9194-564422c66879","buildEnvironmentVariables":{"GOOGLE_NODE_RUN_SCRIPTS":""},"buildName":"projects/311577709263/locations/us-central1/builds/6a0521e1-6e0e-491b-9194-564422c66879","dockerRegistry":"ARTIFACT_REGISTRY","automaticUpdatePolicy":{},"buildServiceAccount":"projects/bartalk-75142/serviceAccounts/311577709263-compute@developer.gserviceaccount.com"}}
[debug] [2026-05-17T13:43:28.382Z] Got source token 6923ce89-63ae-40a9-b368-1d93c6b98935 for region us-central1
[info] ✔  functions[sendPushNotification(us-central1)] Successful update operation. 
[debug] [2026-05-17T13:43:28.387Z] Total Function Deployment time: 88859
[debug] [2026-05-17T13:43:28.388Z] 1 Functions Deployed
[debug] [2026-05-17T13:43:28.388Z] 0 Functions Errored
[debug] [2026-05-17T13:43:28.388Z] 0 Function Deployments Aborted
[debug] [2026-05-17T13:43:28.388Z] Average Function Deployment time: 88859
[debug] [2026-05-17T13:43:28.591Z] Checked if tokens are valid: true, expires at: 1779028904012
[debug] [2026-05-17T13:43:28.592Z] Checked if tokens are valid: true, expires at: 1779028904012
[debug] [2026-05-17T13:43:28.592Z] >>> [apiv2][query] GET https://artifactregistry.googleapis.com/v1/projects/bartalk-75142/locations/us-central1/repositories/gcf-artifacts [none]
[debug] [2026-05-17T13:43:28.942Z] <<< [apiv2][status] GET https://artifactregistry.googleapis.com/v1/projects/bartalk-75142/locations/us-central1/repositories/gcf-artifacts 200
[debug] [2026-05-17T13:43:28.942Z] <<< [apiv2][body] GET https://artifactregistry.googleapis.com/v1/projects/bartalk-75142/locations/us-central1/repositories/gcf-artifacts {"name":"projects/bartalk-75142/locations/us-central1/repositories/gcf-artifacts","format":"DOCKER","description":"This repository is created and used by Cloud Functions for storing function docker images.","labels":{"goog-managed-by":"cloudfunctions"},"createTime":"2026-05-15T12:03:36.962373Z","updateTime":"2026-05-17T13:43:04.396757Z","mode":"STANDARD_REPOSITORY","cleanupPolicies":{"firebase-functions-cleanup":{"id":"firebase-functions-cleanup","action":"DELETE","condition":{"tagState":"ANY","olderThan":"86400s"}}},"sizeBytes":"534679370","vulnerabilityScanningConfig":{"lastEnableTime":"2026-05-15T12:03:20.981683557Z","enablementState":"SCANNING_DISABLED","enablementStateReason":"API containerscanning.googleapis.com is not enabled."},"satisfiesPzi":true,"registryUri":"us-central1-docker.pkg.dev/bartalk-75142/gcf-artifacts"}
[info] 
[info] ✔  Deploy complete! 
[info] 
[info] Project Console: https://console.firebase.google.com/project/bartalk-75142/overview
